youngHeart213/build/outputs/logs/manifest-merger-debug-report.txt
-- Merging decision tree log ---
manifest
ADDED from src/main/AndroidManifest.xml:2:1-60:12
	package
		ADDED from src/main/AndroidManifest.xml:3:5-29
		INJECTED from src/main/AndroidManifest.xml
		INJECTED from src/main/AndroidManifest.xml
	android:versionName
		ADDED from src/main/AndroidManifest.xml:5:5-30
		INJECTED from src/main/AndroidManifest.xml
		INJECTED from src/main/AndroidManifest.xml
	android:versionCode
		ADDED from src/main/AndroidManifest.xml:4:5-28
		INJECTED from src/main/AndroidManifest.xml
		INJECTED from src/main/AndroidManifest.xml
	xmlns:android
		ADDED from src/main/AndroidManifest.xml:2:11-69
uses-permission#android.permission.INTERNET
ADDED from src/main/AndroidManifest.xml:7:5-67
	android:name
		ADDED from src/main/AndroidManifest.xml:7:22-64
uses-permission#android.permission.WRITE_EXTERNAL_STORAGE
ADDED from src/main/AndroidManifest.xml:8:5-81
	android:name
		ADDED from src/main/AndroidManifest.xml:8:22-78
uses-permission#android.permission.MOUNT_UNMOUNT_FILESYSTEMS
ADDED from src/main/AndroidManifest.xml:9:5-84
	android:name
		ADDED from src/main/AndroidManifest.xml:9:22-81
uses-sdk
ADDED from src/main/AndroidManifest.xml:11:5-13:41
MERGED from [Practice:androidLib2122:unspecified] AndroidManifest.xml:7:5-9:41
MERGED from [com.android.support:support-v4:24.0.0] AndroidManifest.xml:21:5-23:54
	tools:overrideLibrary
		ADDED from [com.android.support:support-v4:24.0.0] AndroidManifest.xml:23:9-51
	android:targetSdkVersion
		ADDED from src/main/AndroidManifest.xml:13:9-38
		INJECTED from src/main/AndroidManifest.xml
		INJECTED from src/main/AndroidManifest.xml
	android:minSdkVersion
		ADDED from src/main/AndroidManifest.xml:12:9-34
		INJECTED from src/main/AndroidManifest.xml
		INJECTED from src/main/AndroidManifest.xml
application
ADDED from src/main/AndroidManifest.xml:15:5-58:19
MERGED from [Practice:androidLib2122:unspecified] AndroidManifest.xml:11:5-16:19
MERGED from [com.android.support:support-v4:24.0.0] AndroidManifest.xml:25:5-20
	android:label
		ADDED from src/main/AndroidManifest.xml:19:9-41
	android:allowBackup
		ADDED from src/main/AndroidManifest.xml:17:9-35
	android:icon
		ADDED from src/main/AndroidManifest.xml:18:9-45
	android:theme
		ADDED from src/main/AndroidManifest.xml:20:9-40
	android:name
		ADDED from src/main/AndroidManifest.xml:16:9-67
activity#com.youngheart.activity.personcenter.ListDemoActivity
ADDED from src/main/AndroidManifest.xml:21:9-26:20
	android:screenOrientation
		ADDED from src/main/AndroidManifest.xml:24:13-49
	android:label
		ADDED from src/main/AndroidManifest.xml:23:13-45
	android:name
		ADDED from src/main/AndroidManifest.xml:22:13-81
activity#com.youngheart.activity.login.LoginActivity
ADDED from src/main/AndroidManifest.xml:28:9-31:80
	android:screenOrientation
		ADDED from src/main/AndroidManifest.xml:30:13-49
	android:windowSoftInputMode
		ADDED from src/main/AndroidManifest.xml:31:13-68
	android:name
		ADDED from src/main/AndroidManifest.xml:29:13-71
activity#com.youngheart.activity.login.LoginMainActivity
ADDED from src/main/AndroidManifest.xml:32:9-41:20
	android:screenOrientation
		ADDED from src/main/AndroidManifest.xml:34:13-49
	android:windowSoftInputMode
		ADDED from src/main/AndroidManifest.xml:35:13-68
	android:name
		ADDED from src/main/AndroidManifest.xml:33:13-75
intent-filter#android.intent.action.MAIN+android.intent.category.LAUNCHER
ADDED from src/main/AndroidManifest.xml:36:13-40:29
action#android.intent.action.MAIN
ADDED from src/main/AndroidManifest.xml:37:17-69
	android:name
		ADDED from src/main/AndroidManifest.xml:37:25-66
category#android.intent.category.LAUNCHER
ADDED from src/main/AndroidManifest.xml:39:17-77
	android:name
		ADDED from src/main/AndroidManifest.xml:39:27-74
activity#com.youngheart.activity.login.CookieExpiredActivity
ADDED from src/main/AndroidManifest.xml:42:9-45:80
	android:screenOrientation
		ADDED from src/main/AndroidManifest.xml:44:13-49
	android:windowSoftInputMode
		ADDED from src/main/AndroidManifest.xml:45:13-68
	android:name
		ADDED from src/main/AndroidManifest.xml:43:13-79
activity#com.youngheart.activity.personcenter.PersonCenterActivity
ADDED from src/main/AndroidManifest.xml:47:9-50:80
	android:screenOrientation
		ADDED from src/main/AndroidManifest.xml:49:13-49
	android:windowSoftInputMode
		ADDED from src/main/AndroidManifest.xml:50:13-68
	android:name
		ADDED from src/main/AndroidManifest.xml:48:13-85
activity#com.youngheart.activity.news.NewsActivity
ADDED from src/main/AndroidManifest.xml:52:9-55:80
	android:screenOrientation
		ADDED from src/main/AndroidManifest.xml:54:13-49
	android:windowSoftInputMode
		ADDED from src/main/AndroidManifest.xml:55:13-68
	android:name
		ADDED from src/main/AndroidManifest.xml:53:13-69